1540371428302	mozrunner::runner	INFO	Running command: "/usr/bin/firefox" "-marionette" "-foreground" "-no-remote" "-profile" "/tmp/rust_mozprofile.zJSrHyzIJsOx"

(firefox:9471): LIBDBUSMENU-GLIB-WARNING **: 21:57:09.503: Unable to get session bus: Failed to execute child process “dbus-launch” (No such file or directory)
1540371429895	Marionette	INFO	Listening on port 52920
1540371429929	Marionette	WARN	TLS certificate errors will be ignored for this session
1540371429965	Marionette	DEBUG	[2147483649] Frame script loaded
1540371429967	Marionette	DEBUG	[2147483649] Frame script registered
1540371429987	Marionette	DEBUG	[2147483649] Received DOM event beforeunload for about:blank
1540371431798	Marionette	DEBUG	[2147483649] Received DOM event pagehide for about:blank
1540371432308	Marionette	DEBUG	[2147483649] Received DOM event DOMContentLoaded for https://www.talosintelligence.com/reputation_center
1540371435150	Marionette	DEBUG	[2147483649] Received DOM event pageshow for https://www.talosintelligence.com/reputation_center
1540371461567	mozrunner::runner	INFO	Running command: "/usr/bin/firefox" "-marionette" "-foreground" "-no-remote" "-profile" "/tmp/rust_mozprofile.FXcHb1BQ31vy"

(firefox:9721): LIBDBUSMENU-GLIB-WARNING **: 21:57:42.827: Unable to get session bus: Failed to execute child process “dbus-launch” (No such file or directory)
1540371463222	Marionette	INFO	Listening on port 52954
1540371463725	Marionette	WARN	TLS certificate errors will be ignored for this session
1540371463760	Marionette	DEBUG	[2147483649] Frame script loaded
1540371463761	Marionette	DEBUG	[2147483649] Frame script registered
1540371463776	Marionette	DEBUG	[2147483649] Received DOM event beforeunload for about:blank
1540371465299	Marionette	DEBUG	[2147483649] Received DOM event pagehide for about:blank
1540371465798	Marionette	DEBUG	[2147483649] Received DOM event DOMContentLoaded for https://www.talosintelligence.com/reputation_center
1540371468572	Marionette	DEBUG	[2147483649] Received DOM event pageshow for https://www.talosintelligence.com/reputation_center
1540371636110	mozrunner::runner	INFO	Running command: "/usr/bin/firefox" "-marionette" "-foreground" "-no-remote" "-profile" "/tmp/rust_mozprofile.M7rf9BaPk8Um"

(firefox:9980): LIBDBUSMENU-GLIB-WARNING **: 22:00:37.319: Unable to get session bus: Failed to execute child process “dbus-launch” (No such file or directory)
1540371637697	Marionette	INFO	Listening on port 53006
1540371637749	Marionette	WARN	TLS certificate errors will be ignored for this session
1540371637784	Marionette	DEBUG	[2147483649] Frame script loaded
1540371637786	Marionette	DEBUG	[2147483649] Frame script registered
1540371637805	Marionette	DEBUG	[2147483649] Received DOM event beforeunload for about:blank
1540371639607	Marionette	DEBUG	[2147483649] Received DOM event pagehide for about:blank
1540371640092	Marionette	DEBUG	[2147483649] Received DOM event DOMContentLoaded for https://www.talosintelligence.com/reputation_center
1540371643786	Marionette	DEBUG	[2147483649] Received DOM event pageshow for https://www.talosintelligence.com/reputation_center
